# JRE version: OpenJDK Runtime Environment Temurin-21.0.8+9 (21.0.8+9) (build 21.0.8+9-LTS)
# Java VM: OpenJDK 64-Bit Server VM Temurin-21.0.8+9 (21.0.8+9-LTS, mixed mode, sharing, tiered, compressed oops, compressed class ptrs, parallel gc, windows-amd64)
GC Precious Log:
 CardTable entry size: 512
 CPUs: 20 total, 20 available
 Memory: 24243M
 Large Page Support: Disabled
 NUMA Support: Disabled
 Compressed Oops: Enabled (32-bit)
 Alignments: Space 512K, Generation 512K, Heap 2M
 Heap Min Capacity: 100M
 Heap Initial Capacity: 100M
 Heap Max Capacity: 2G
 Pre-touch: Disabled
 Parallel Workers: 15
Heap:
 PSYoungGen      total 10752K, used 4219K [0x00000000d5580000, 0x00000000d6b80000, 0x0000000100000000)
  eden space 8704K, 25% used [0x00000000d5580000,0x00000000d57a2c98,0x00000000d5e00000)
  from space 2048K, 99% used [0x00000000d6380000,0x00000000d657c040,0x00000000d6580000)
  to   space 5632K, 0% used [0x00000000d5e00000,0x00000000d5e00000,0x00000000d6380000)
 ParOldGen       total 68608K, used 65060K [0x0000000080000000, 0x0000000084300000, 0x00000000d5580000)
  object space 68608K, 94% used [0x0000000080000000,0x0000000083f89250,0x0000000084300000)
 Metaspace       used 63039K, committed 64320K, reserved 1114112K
  class space    used 6776K, committed 7360K, reserved 1048576K
GC Heap History (20 events):
Event: 35.224 GC heap before
{Heap before GC invocations=41 (full 3):
 PSYoungGen      total 18432K, used 512K [0x00000000d5580000, 0x00000000d6a00000, 0x0000000100000000)
  eden space 17920K, 0% used [0x00000000d5580000,0x00000000d5580000,0x00000000d6700000)
  from space 512K, 100% used [0x00000000d6980000,0x00000000d6a00000,0x00000000d6a00000)
  to   space 1536K, 0% used [0x00000000d6700000,0x00000000d6700000,0x00000000d6880000)
 ParOldGen       total 68608K, used 47705K [0x0000000080000000, 0x0000000084300000, 0x00000000d5580000)
  object space 68608K, 69% used [0x0000000080000000,0x0000000082e96750,0x0000000084300000)
 Metaspace       used 58594K, committed 59776K, reserved 1114112K
  class space    used 6466K, committed 7040K, reserved 1048576K
}
Event: 35.267 GC heap after
{Heap after GC invocations=41 (full 3):
 PSYoungGen      total 18432K, used 0K [0x00000000d5580000, 0x00000000d6a00000, 0x0000000100000000)
  eden space 17920K, 0% used [0x00000000d5580000,0x00000000d5580000,0x00000000d6700000)
  from space 512K, 0% used [0x00000000d6980000,0x00000000d6980000,0x00000000d6a00000)
  to   space 1536K, 0% used [0x00000000d6700000,0x00000000d6700000,0x00000000d6880000)
 ParOldGen       total 68608K, used 39255K [0x0000000080000000, 0x0000000084300000, 0x00000000d5580000)
  object space 68608K, 57% used [0x0000000080000000,0x0000000082655e68,0x0000000084300000)
 Metaspace       used 58594K, committed 59776K, reserved 1114112K
  class space    used 6466K, committed 7040K, reserved 1048576K
}
Event: 36.296 GC heap before
{Heap before GC invocations=42 (full 3):
 PSYoungGen      total 18432K, used 17920K [0x00000000d5580000, 0x00000000d6a00000, 0x0000000100000000)
  eden space 17920K, 100% used [0x00000000d5580000,0x00000000d6700000,0x00000000d6700000)
  from space 512K, 0% used [0x00000000d6980000,0x00000000d6980000,0x00000000d6a00000)
  to   space 1536K, 0% used [0x00000000d6700000,0x00000000d6700000,0x00000000d6880000)
 ParOldGen       total 68608K, used 39255K [0x0000000080000000, 0x0000000084300000, 0x00000000d5580000)
  object space 68608K, 57% used [0x0000000080000000,0x0000000082655e68,0x0000000084300000)
 Metaspace       used 60130K, committed 61376K, reserved 1114112K
  class space    used 6608K, committed 7168K, reserved 1048576K
}
Event: 36.298 GC heap after
{Heap after GC invocations=42 (full 3):
 PSYoungGen      total 19456K, used 1532K [0x00000000d5580000, 0x00000000d6d00000, 0x0000000100000000)
  eden space 17920K, 0% used [0x00000000d5580000,0x00000000d5580000,0x00000000d6700000)
  from space 1536K, 99% used [0x00000000d6700000,0x00000000d687f1e8,0x00000000d6880000)
  to   space 3072K, 0% used [0x00000000d6a00000,0x00000000d6a00000,0x00000000d6d00000)
 ParOldGen       total 68608K, used 40321K [0x0000000080000000, 0x0000000084300000, 0x00000000d5580000)
  object space 68608K, 58% used [0x0000000080000000,0x0000000082760748,0x0000000084300000)
 Metaspace       used 60130K, committed 61376K, reserved 1114112K
  class space    used 6608K, committed 7168K, reserved 1048576K
}
Event: 36.540 GC heap before
{Heap before GC invocations=43 (full 3):
 PSYoungGen      total 19456K, used 19452K [0x00000000d5580000, 0x00000000d6d00000, 0x0000000100000000)
  eden space 17920K, 100% used [0x00000000d5580000,0x00000000d6700000,0x00000000d6700000)
  from space 1536K, 99% used [0x00000000d6700000,0x00000000d687f1e8,0x00000000d6880000)
  to   space 3072K, 0% used [0x00000000d6a00000,0x00000000d6a00000,0x00000000d6d00000)
 ParOldGen       total 68608K, used 40321K [0x0000000080000000, 0x0000000084300000, 0x00000000d5580000)
  object space 68608K, 58% used [0x0000000080000000,0x0000000082760748,0x0000000084300000)
 Metaspace       used 60786K, committed 62080K, reserved 1114112K
  class space    used 6654K, committed 7232K, reserved 1048576K
}
Event: 36.545 GC heap after
{Heap after GC invocations=43 (full 3):
 PSYoungGen      total 14336K, used 3049K [0x00000000d5580000, 0x00000000d7a00000, 0x0000000100000000)
  eden space 11264K, 0% used [0x00000000d5580000,0x00000000d5580000,0x00000000d6080000)
  from space 3072K, 99% used [0x00000000d6a00000,0x00000000d6cfa4d8,0x00000000d6d00000)
  to   space 9728K, 0% used [0x00000000d6080000,0x00000000d6080000,0x00000000d6a00000)
 ParOldGen       total 68608K, used 45784K [0x0000000080000000, 0x0000000084300000, 0x00000000d5580000)
  object space 68608K, 66% used [0x0000000080000000,0x0000000082cb6210,0x0000000084300000)
 Metaspace       used 60786K, committed 62080K, reserved 1114112K
  class space    used 6654K, committed 7232K, reserved 1048576K
}
Event: 36.711 GC heap before
{Heap before GC invocations=44 (full 3):
 PSYoungGen      total 14336K, used 14313K [0x00000000d5580000, 0x00000000d7a00000, 0x0000000100000000)
  eden space 11264K, 99% used [0x00000000d5580000,0x00000000d607ffb0,0x00000000d6080000)
  from space 3072K, 99% used [0x00000000d6a00000,0x00000000d6cfa4d8,0x00000000d6d00000)
  to   space 9728K, 0% used [0x00000000d6080000,0x00000000d6080000,0x00000000d6a00000)
 ParOldGen       total 68608K, used 45784K [0x0000000080000000, 0x0000000084300000, 0x00000000d5580000)
  object space 68608K, 66% used [0x0000000080000000,0x0000000082cb6210,0x0000000084300000)
 Metaspace       used 61486K, committed 62784K, reserved 1114112K
  class space    used 6718K, committed 7296K, reserved 1048576K
}
Event: 36.715 GC heap after
{Heap after GC invocations=44 (full 3):
 PSYoungGen      total 14336K, used 2724K [0x00000000d5580000, 0x00000000d6a80000, 0x0000000100000000)
  eden space 11264K, 0% used [0x00000000d5580000,0x00000000d5580000,0x00000000d6080000)
  from space 3072K, 88% used [0x00000000d6080000,0x00000000d6329340,0x00000000d6380000)
  to   space 5120K, 0% used [0x00000000d6580000,0x00000000d6580000,0x00000000d6a80000)
 ParOldGen       total 68608K, used 48842K [0x0000000080000000, 0x0000000084300000, 0x00000000d5580000)
  object space 68608K, 71% used [0x0000000080000000,0x0000000082fb29a0,0x0000000084300000)
 Metaspace       used 61486K, committed 62784K, reserved 1114112K
  class space    used 6718K, committed 7296K, reserved 1048576K
}
Event: 36.835 GC heap before
{Heap before GC invocations=45 (full 3):
 PSYoungGen      total 14336K, used 13947K [0x00000000d5580000, 0x00000000d6a80000, 0x0000000100000000)
  eden space 11264K, 99% used [0x00000000d5580000,0x00000000d6075ba8,0x00000000d6080000)
  from space 3072K, 88% used [0x00000000d6080000,0x00000000d6329340,0x00000000d6380000)
  to   space 5120K, 0% used [0x00000000d6580000,0x00000000d6580000,0x00000000d6a80000)
 ParOldGen       total 68608K, used 48842K [0x0000000080000000, 0x0000000084300000, 0x00000000d5580000)
  object space 68608K, 71% used [0x0000000080000000,0x0000000082fb29a0,0x0000000084300000)
 Metaspace       used 61801K, committed 63104K, reserved 1114112K
  class space    used 6753K, committed 7360K, reserved 1048576K
}
Event: 36.838 GC heap after
{Heap after GC invocations=45 (full 3):
 PSYoungGen      total 13824K, used 2451K [0x00000000d5580000, 0x00000000d6800000, 0x0000000100000000)
  eden space 11264K, 0% used [0x00000000d5580000,0x00000000d5580000,0x00000000d6080000)
  from space 2560K, 95% used [0x00000000d6580000,0x00000000d67e4dd8,0x00000000d6800000)
  to   space 3072K, 0% used [0x00000000d6200000,0x00000000d6200000,0x00000000d6500000)
 ParOldGen       total 68608K, used 51355K [0x0000000080000000, 0x0000000084300000, 0x00000000d5580000)
  object space 68608K, 74% used [0x0000000080000000,0x0000000083226fb0,0x0000000084300000)
 Metaspace       used 61801K, committed 63104K, reserved 1114112K
  class space    used 6753K, committed 7360K, reserved 1048576K
}
Event: 36.956 GC heap before
{Heap before GC invocations=46 (full 3):
 PSYoungGen      total 13824K, used 13715K [0x00000000d5580000, 0x00000000d6800000, 0x0000000100000000)
  eden space 11264K, 100% used [0x00000000d5580000,0x00000000d6080000,0x00000000d6080000)
  from space 2560K, 95% used [0x00000000d6580000,0x00000000d67e4dd8,0x00000000d6800000)
  to   space 3072K, 0% used [0x00000000d6200000,0x00000000d6200000,0x00000000d6500000)
 ParOldGen       total 68608K, used 51355K [0x0000000080000000, 0x0000000084300000, 0x00000000d5580000)
  object space 68608K, 74% used [0x0000000080000000,0x0000000083226fb0,0x0000000084300000)
 Metaspace       used 62115K, committed 63360K, reserved 1114112K
  class space    used 6758K, committed 7360K, reserved 1048576K
}
Event: 36.958 GC heap after
{Heap after GC invocations=46 (full 3):
 PSYoungGen      total 14336K, used 2711K [0x00000000d5580000, 0x00000000d6680000, 0x0000000100000000)
  eden space 11264K, 0% used [0x00000000d5580000,0x00000000d5580000,0x00000000d6080000)
  from space 3072K, 88% used [0x00000000d6200000,0x00000000d64a5fb0,0x00000000d6500000)
  to   space 1536K, 0% used [0x00000000d6500000,0x00000000d6500000,0x00000000d6680000)
 ParOldGen       total 68608K, used 53388K [0x0000000080000000, 0x0000000084300000, 0x00000000d5580000)
  object space 68608K, 77% used [0x0000000080000000,0x0000000083423290,0x0000000084300000)
 Metaspace       used 62115K, committed 63360K, reserved 1114112K
  class space    used 6758K, committed 7360K, reserved 1048576K
}
Event: 37.052 GC heap before
{Heap before GC invocations=47 (full 3):
 PSYoungGen      total 14336K, used 13975K [0x00000000d5580000, 0x00000000d6680000, 0x0000000100000000)
  eden space 11264K, 100% used [0x00000000d5580000,0x00000000d6080000,0x00000000d6080000)
  from space 3072K, 88% used [0x00000000d6200000,0x00000000d64a5fb0,0x00000000d6500000)
  to   space 1536K, 0% used [0x00000000d6500000,0x00000000d6500000,0x00000000d6680000)
 ParOldGen       total 68608K, used 53388K [0x0000000080000000, 0x0000000084300000, 0x00000000d5580000)
  object space 68608K, 77% used [0x0000000080000000,0x0000000083423290,0x0000000084300000)
 Metaspace       used 62267K, committed 63552K, reserved 1114112K
  class space    used 6762K, committed 7360K, reserved 1048576K
}
Event: 37.054 GC heap after
{Heap after GC invocations=47 (full 3):
 PSYoungGen      total 12800K, used 1532K [0x00000000d5580000, 0x00000000d6780000, 0x0000000100000000)
  eden space 11264K, 0% used [0x00000000d5580000,0x00000000d5580000,0x00000000d6080000)
  from space 1536K, 99% used [0x00000000d6500000,0x00000000d667f3e8,0x00000000d6680000)
  to   space 3584K, 0% used [0x00000000d6080000,0x00000000d6080000,0x00000000d6400000)
 ParOldGen       total 68608K, used 55087K [0x0000000080000000, 0x0000000084300000, 0x00000000d5580000)
  object space 68608K, 80% used [0x0000000080000000,0x00000000835cbca0,0x0000000084300000)
 Metaspace       used 62267K, committed 63552K, reserved 1114112K
  class space    used 6762K, committed 7360K, reserved 1048576K
}
Event: 37.120 GC heap before
{Heap before GC invocations=48 (full 3):
 PSYoungGen      total 12800K, used 12796K [0x00000000d5580000, 0x00000000d6780000, 0x0000000100000000)
  eden space 11264K, 100% used [0x00000000d5580000,0x00000000d6080000,0x00000000d6080000)
  from space 1536K, 99% used [0x00000000d6500000,0x00000000d667f3e8,0x00000000d6680000)
  to   space 3584K, 0% used [0x00000000d6080000,0x00000000d6080000,0x00000000d6400000)
 ParOldGen       total 68608K, used 55087K [0x0000000080000000, 0x0000000084300000, 0x00000000d5580000)
  object space 68608K, 80% used [0x0000000080000000,0x00000000835cbca0,0x0000000084300000)
 Metaspace       used 62355K, committed 63616K, reserved 1114112K
  class space    used 6763K, committed 7360K, reserved 1048576K
}
Event: 37.122 GC heap after
{Heap after GC invocations=48 (full 3):
 PSYoungGen      total 14848K, used 3456K [0x00000000d5580000, 0x00000000d6780000, 0x0000000100000000)
  eden space 11264K, 0% used [0x00000000d5580000,0x00000000d5580000,0x00000000d6080000)
  from space 3584K, 96% used [0x00000000d6080000,0x00000000d63e0130,0x00000000d6400000)
  to   space 3584K, 0% used [0x00000000d6400000,0x00000000d6400000,0x00000000d6780000)
 ParOldGen       total 68608K, used 56388K [0x0000000080000000, 0x0000000084300000, 0x00000000d5580000)
  object space 68608K, 82% used [0x0000000080000000,0x00000000837110c8,0x0000000084300000)
 Metaspace       used 62355K, committed 63616K, reserved 1114112K
  class space    used 6763K, committed 7360K, reserved 1048576K
}
Event: 37.271 GC heap before
{Heap before GC invocations=49 (full 3):
 PSYoungGen      total 14848K, used 14720K [0x00000000d5580000, 0x00000000d6780000, 0x0000000100000000)
  eden space 11264K, 100% used [0x00000000d5580000,0x00000000d6080000,0x00000000d6080000)
  from space 3584K, 96% used [0x00000000d6080000,0x00000000d63e0130,0x00000000d6400000)
  to   space 3584K, 0% used [0x00000000d6400000,0x00000000d6400000,0x00000000d6780000)
 ParOldGen       total 68608K, used 56388K [0x0000000080000000, 0x0000000084300000, 0x00000000d5580000)
  object space 68608K, 82% used [0x0000000080000000,0x00000000837110c8,0x0000000084300000)
 Metaspace       used 62514K, committed 63744K, reserved 1114112K
  class space    used 6766K, committed 7360K, reserved 1048576K
}
Event: 37.274 GC heap after
{Heap after GC invocations=49 (full 3):
 PSYoungGen      total 14336K, used 2807K [0x00000000d5580000, 0x00000000d6700000, 0x0000000100000000)
  eden space 11264K, 0% used [0x00000000d5580000,0x00000000d5580000,0x00000000d6080000)
  from space 3072K, 91% used [0x00000000d6400000,0x00000000d66bdec8,0x00000000d6700000)
  to   space 3072K, 0% used [0x00000000d6100000,0x00000000d6100000,0x00000000d6400000)
 ParOldGen       total 68608K, used 59535K [0x0000000080000000, 0x0000000084300000, 0x00000000d5580000)
  object space 68608K, 86% used [0x0000000080000000,0x0000000083a23f68,0x0000000084300000)
 Metaspace       used 62514K, committed 63744K, reserved 1114112K
  class space    used 6766K, committed 7360K, reserved 1048576K
}
Event: 37.394 GC heap before
{Heap before GC invocations=50 (full 3):
 PSYoungGen      total 14336K, used 14071K [0x00000000d5580000, 0x00000000d6700000, 0x0000000100000000)
  eden space 11264K, 100% used [0x00000000d5580000,0x00000000d6080000,0x00000000d6080000)
  from space 3072K, 91% used [0x00000000d6400000,0x00000000d66bdec8,0x00000000d6700000)
  to   space 3072K, 0% used [0x00000000d6100000,0x00000000d6100000,0x00000000d6400000)
 ParOldGen       total 68608K, used 59535K [0x0000000080000000, 0x0000000084300000, 0x00000000d5580000)
  object space 68608K, 86% used [0x0000000080000000,0x0000000083a23f68,0x0000000084300000)
 Metaspace       used 62741K, committed 64064K, reserved 1114112K
  class space    used 6772K, committed 7360K, reserved 1048576K
}
Event: 37.397 GC heap after
{Heap after GC invocations=50 (full 3):
 PSYoungGen      total 13824K, used 2294K [0x00000000d5580000, 0x00000000d6580000, 0x0000000100000000)
  eden space 11264K, 0% used [0x00000000d5580000,0x00000000d5580000,0x00000000d6080000)
  from space 2560K, 89% used [0x00000000d6100000,0x00000000d633db68,0x00000000d6380000)
  to   space 2048K, 0% used [0x00000000d6380000,0x00000000d6380000,0x00000000d6580000)
 ParOldGen       total 68608K, used 62005K [0x0000000080000000, 0x0000000084300000, 0x00000000d5580000)
  object space 68608K, 90% used [0x0000000080000000,0x0000000083c8d570,0x0000000084300000)
 Metaspace       used 62741K, committed 64064K, reserved 1114112K
  class space    used 6772K, committed 7360K, reserved 1048576K
}

